{"uid":"b74a1fb98d192824","name":"Verify creating author with duplicate ID","fullName":"com.bookstore.tests.AuthorsApiTest.testCreateAuthor_DuplicateId","historyId":"226a86493db1e99427570e780cf43713","time":{"start":1761501990102,"stop":1761501990926,"duration":824},"description":"Test to verify POST /api/v1/Authors with duplicate ID should return 409 or 400","descriptionHtml":"<p>Test to verify POST /api/v1/Authors with duplicate ID should return 409 or 400</p>\n","status":"failed","statusMessage":"1 expectation failed.\nExpected status code (is <400> or is <409>) but was <200>.\n","statusTrace":"java.lang.AssertionError: 1 expectation failed.\nExpected status code (is <400> or is <409>) but was <200>.\n\n\tat java.base/jdk.internal.reflect.GeneratedConstructorAccessor79.newInstance(Unknown Source)\n\tat java.base/jdk.internal.reflect.DelegatingConstructorAccessorImpl.newInstance(DelegatingConstructorAccessorImpl.java:45)\n\tat java.base/java.lang.reflect.Constructor.newInstance(Constructor.java:490)\n\tat org.codehaus.groovy.reflection.CachedConstructor.invoke(CachedConstructor.java:73)\n\tat org.codehaus.groovy.reflection.CachedConstructor.doConstructorInvoke(CachedConstructor.java:60)\n\tat org.codehaus.groovy.runtime.callsite.ConstructorSite$ConstructorSiteNoUnwrap.callConstructor(ConstructorSite.java:86)\n\tat org.codehaus.groovy.runtime.callsite.AbstractCallSite.callConstructor(AbstractCallSite.java:277)\n\tat io.restassured.internal.ResponseSpecificationImpl$HamcrestAssertionClosure.validate(ResponseSpecificationImpl.groovy:512)\n\tat io.restassured.internal.ResponseSpecificationImpl$HamcrestAssertionClosure$validate$1.call(Unknown Source)\n\tat io.restassured.internal.ResponseSpecificationImpl.validateResponseIfRequired(ResponseSpecificationImpl.groovy:696)\n\tat io.restassured.internal.ResponseSpecificationImpl.this$2$validateResponseIfRequired(ResponseSpecificationImpl.groovy)\n\tat jdk.internal.reflect.GeneratedMethodAccessor57.invoke(Unknown Source)\n\tat java.base/jdk.internal.reflect.DelegatingMethodAccessorImpl.invoke(DelegatingMethodAccessorImpl.java:43)\n\tat java.base/java.lang.reflect.Method.invoke(Method.java:566)\n\tat org.codehaus.groovy.runtime.callsite.PlainObjectMetaMethodSite.doInvoke(PlainObjectMetaMethodSite.java:43)\n\tat org.codehaus.groovy.runtime.callsite.PogoMetaMethodSite$PogoCachedMethodSiteNoUnwrapNoCoerce.invoke(PogoMetaMethodSite.java:198)\n\tat org.codehaus.groovy.runtime.callsite.PogoMetaMethodSite.callCurrent(PogoMetaMethodSite.java:62)\n\tat org.codehaus.groovy.runtime.callsite.AbstractCallSite.callCurrent(AbstractCallSite.java:185)\n\tat io.restassured.internal.ResponseSpecificationImpl.statusCode(ResponseSpecificationImpl.groovy:135)\n\tat io.restassured.internal.ValidatableResponseOptionsImpl.statusCode(ValidatableResponseOptionsImpl.java:84)\n\tat com.bookstore.tests.AuthorsApiTest.testCreateAuthor_DuplicateId(AuthorsApiTest.java:481)\n\tat java.base/jdk.internal.reflect.NativeMethodAccessorImpl.invoke0(Native Method)\n\tat java.base/jdk.internal.reflect.NativeMethodAccessorImpl.invoke(NativeMethodAccessorImpl.java:62)\n\tat java.base/jdk.internal.reflect.DelegatingMethodAccessorImpl.invoke(DelegatingMethodAccessorImpl.java:43)\n\tat java.base/java.lang.reflect.Method.invoke(Method.java:566)\n\tat org.testng.internal.invokers.MethodInvocationHelper.invokeMethod(MethodInvocationHelper.java:139)\n\tat org.testng.internal.invokers.TestInvoker.invokeMethod(TestInvoker.java:664)\n\tat org.testng.internal.invokers.TestInvoker.invokeTestMethod(TestInvoker.java:227)\n\tat org.testng.internal.invokers.MethodRunner.runInSequence(MethodRunner.java:50)\n\tat org.testng.internal.invokers.TestInvoker$MethodInvocationAgent.invoke(TestInvoker.java:957)\n\tat org.testng.internal.invokers.TestInvoker.invokeTestMethods(TestInvoker.java:200)\n\tat org.testng.internal.invokers.TestMethodWorker.invokeTestMethods(TestMethodWorker.java:148)\n\tat org.testng.internal.invokers.TestMethodWorker.run(TestMethodWorker.java:128)\n\tat java.base/java.util.ArrayList.forEach(ArrayList.java:1541)\n\tat org.testng.TestRunner.privateRun(TestRunner.java:848)\n\tat org.testng.TestRunner.run(TestRunner.java:621)\n\tat org.testng.SuiteRunner.runTest(SuiteRunner.java:443)\n\tat org.testng.SuiteRunner.runSequentially(SuiteRunner.java:437)\n\tat org.testng.SuiteRunner.privateRun(SuiteRunner.java:397)\n\tat org.testng.SuiteRunner.run(SuiteRunner.java:336)\n\tat org.testng.SuiteRunnerWorker.runSuite(SuiteRunnerWorker.java:52)\n\tat org.testng.SuiteRunnerWorker.run(SuiteRunnerWorker.java:95)\n\tat org.testng.TestNG.runSuitesSequentially(TestNG.java:1280)\n\tat org.testng.TestNG.runSuitesLocally(TestNG.java:1200)\n\tat org.testng.TestNG.runSuites(TestNG.java:1114)\n\tat org.testng.TestNG.run(TestNG.java:1082)\n\tat org.apache.maven.surefire.testng.TestNGExecutor.run(TestNGExecutor.java:308)\n\tat org.apache.maven.surefire.testng.TestNGXmlTestSuite.execute(TestNGXmlTestSuite.java:71)\n\tat org.apache.maven.surefire.testng.TestNGProvider.invoke(TestNGProvider.java:113)\n\tat org.apache.maven.surefire.booter.ForkedBooter.runSuitesInProcess(ForkedBooter.java:385)\n\tat org.apache.maven.surefire.booter.ForkedBooter.execute(ForkedBooter.java:162)\n\tat org.apache.maven.surefire.booter.ForkedBooter.run(ForkedBooter.java:507)\n\tat org.apache.maven.surefire.booter.ForkedBooter.main(ForkedBooter.java:495)\n","flaky":false,"newFailed":false,"newBroken":false,"newPassed":false,"retriesCount":0,"retriesStatusChange":false,"beforeStages":[{"name":"setUp","time":{"start":1761501978996,"stop":1761501979006,"duration":10},"description":"","status":"passed","steps":[],"attachments":[],"parameters":[],"stepsCount":0,"shouldDisplayMessage":false,"attachmentsCount":0,"hasContent":false,"attachmentStep":false}],"testStage":{"description":"Test to verify POST /api/v1/Authors with duplicate ID should return 409 or 400","status":"failed","statusMessage":"1 expectation failed.\nExpected status code (is <400> or is <409>) but was <200>.\n","statusTrace":"java.lang.AssertionError: 1 expectation failed.\nExpected status code (is <400> or is <409>) but was <200>.\n\n\tat java.base/jdk.internal.reflect.GeneratedConstructorAccessor79.newInstance(Unknown Source)\n\tat java.base/jdk.internal.reflect.DelegatingConstructorAccessorImpl.newInstance(DelegatingConstructorAccessorImpl.java:45)\n\tat java.base/java.lang.reflect.Constructor.newInstance(Constructor.java:490)\n\tat org.codehaus.groovy.reflection.CachedConstructor.invoke(CachedConstructor.java:73)\n\tat org.codehaus.groovy.reflection.CachedConstructor.doConstructorInvoke(CachedConstructor.java:60)\n\tat org.codehaus.groovy.runtime.callsite.ConstructorSite$ConstructorSiteNoUnwrap.callConstructor(ConstructorSite.java:86)\n\tat org.codehaus.groovy.runtime.callsite.AbstractCallSite.callConstructor(AbstractCallSite.java:277)\n\tat io.restassured.internal.ResponseSpecificationImpl$HamcrestAssertionClosure.validate(ResponseSpecificationImpl.groovy:512)\n\tat io.restassured.internal.ResponseSpecificationImpl$HamcrestAssertionClosure$validate$1.call(Unknown Source)\n\tat io.restassured.internal.ResponseSpecificationImpl.validateResponseIfRequired(ResponseSpecificationImpl.groovy:696)\n\tat io.restassured.internal.ResponseSpecificationImpl.this$2$validateResponseIfRequired(ResponseSpecificationImpl.groovy)\n\tat jdk.internal.reflect.GeneratedMethodAccessor57.invoke(Unknown Source)\n\tat java.base/jdk.internal.reflect.DelegatingMethodAccessorImpl.invoke(DelegatingMethodAccessorImpl.java:43)\n\tat java.base/java.lang.reflect.Method.invoke(Method.java:566)\n\tat org.codehaus.groovy.runtime.callsite.PlainObjectMetaMethodSite.doInvoke(PlainObjectMetaMethodSite.java:43)\n\tat org.codehaus.groovy.runtime.callsite.PogoMetaMethodSite$PogoCachedMethodSiteNoUnwrapNoCoerce.invoke(PogoMetaMethodSite.java:198)\n\tat org.codehaus.groovy.runtime.callsite.PogoMetaMethodSite.callCurrent(PogoMetaMethodSite.java:62)\n\tat org.codehaus.groovy.runtime.callsite.AbstractCallSite.callCurrent(AbstractCallSite.java:185)\n\tat io.restassured.internal.ResponseSpecificationImpl.statusCode(ResponseSpecificationImpl.groovy:135)\n\tat io.restassured.internal.ValidatableResponseOptionsImpl.statusCode(ValidatableResponseOptionsImpl.java:84)\n\tat com.bookstore.tests.AuthorsApiTest.testCreateAuthor_DuplicateId(AuthorsApiTest.java:481)\n\tat java.base/jdk.internal.reflect.NativeMethodAccessorImpl.invoke0(Native Method)\n\tat java.base/jdk.internal.reflect.NativeMethodAccessorImpl.invoke(NativeMethodAccessorImpl.java:62)\n\tat java.base/jdk.internal.reflect.DelegatingMethodAccessorImpl.invoke(DelegatingMethodAccessorImpl.java:43)\n\tat java.base/java.lang.reflect.Method.invoke(Method.java:566)\n\tat org.testng.internal.invokers.MethodInvocationHelper.invokeMethod(MethodInvocationHelper.java:139)\n\tat org.testng.internal.invokers.TestInvoker.invokeMethod(TestInvoker.java:664)\n\tat org.testng.internal.invokers.TestInvoker.invokeTestMethod(TestInvoker.java:227)\n\tat org.testng.internal.invokers.MethodRunner.runInSequence(MethodRunner.java:50)\n\tat org.testng.internal.invokers.TestInvoker$MethodInvocationAgent.invoke(TestInvoker.java:957)\n\tat org.testng.internal.invokers.TestInvoker.invokeTestMethods(TestInvoker.java:200)\n\tat org.testng.internal.invokers.TestMethodWorker.invokeTestMethods(TestMethodWorker.java:148)\n\tat org.testng.internal.invokers.TestMethodWorker.run(TestMethodWorker.java:128)\n\tat java.base/java.util.ArrayList.forEach(ArrayList.java:1541)\n\tat org.testng.TestRunner.privateRun(TestRunner.java:848)\n\tat org.testng.TestRunner.run(TestRunner.java:621)\n\tat org.testng.SuiteRunner.runTest(SuiteRunner.java:443)\n\tat org.testng.SuiteRunner.runSequentially(SuiteRunner.java:437)\n\tat org.testng.SuiteRunner.privateRun(SuiteRunner.java:397)\n\tat org.testng.SuiteRunner.run(SuiteRunner.java:336)\n\tat org.testng.SuiteRunnerWorker.runSuite(SuiteRunnerWorker.java:52)\n\tat org.testng.SuiteRunnerWorker.run(SuiteRunnerWorker.java:95)\n\tat org.testng.TestNG.runSuitesSequentially(TestNG.java:1280)\n\tat org.testng.TestNG.runSuitesLocally(TestNG.java:1200)\n\tat org.testng.TestNG.runSuites(TestNG.java:1114)\n\tat org.testng.TestNG.run(TestNG.java:1082)\n\tat org.apache.maven.surefire.testng.TestNGExecutor.run(TestNGExecutor.java:308)\n\tat org.apache.maven.surefire.testng.TestNGXmlTestSuite.execute(TestNGXmlTestSuite.java:71)\n\tat org.apache.maven.surefire.testng.TestNGProvider.invoke(TestNGProvider.java:113)\n\tat org.apache.maven.surefire.booter.ForkedBooter.runSuitesInProcess(ForkedBooter.java:385)\n\tat org.apache.maven.surefire.booter.ForkedBooter.execute(ForkedBooter.java:162)\n\tat org.apache.maven.surefire.booter.ForkedBooter.run(ForkedBooter.java:507)\n\tat org.apache.maven.surefire.booter.ForkedBooter.main(ForkedBooter.java:495)\n","steps":[{"name":"Create new author","time":{"start":1761501990102,"stop":1761501990510,"duration":408},"status":"passed","steps":[],"attachments":[{"uid":"59be52abe8e58f9a","name":"Request","source":"59be52abe8e58f9a.html","type":"text/html","size":900},{"uid":"ebb4277199c71902","name":"HTTP/1.1 200 OK","source":"ebb4277199c71902.html","type":"text/html","size":551}],"parameters":[{"name":"author","value":"Author(id=129, idBook=162, firstName=FirstName129, lastName=LastName129)"}],"stepsCount":0,"shouldDisplayMessage":false,"attachmentsCount":2,"hasContent":true,"attachmentStep":false},{"name":"Create new author","time":{"start":1761501990511,"stop":1761501990925,"duration":414},"status":"passed","steps":[],"attachments":[{"uid":"c30659b4aad54c66","name":"Request","source":"c30659b4aad54c66.html","type":"text/html","size":950},{"uid":"ed09abe77720e3cb","name":"HTTP/1.1 200 OK","source":"ed09abe77720e3cb.html","type":"text/html","size":576}],"parameters":[{"name":"author","value":"Author(id=129, idBook=19, firstName=DifferentFirstName-1761501990510, lastName=DifferentLastName)"}],"stepsCount":0,"shouldDisplayMessage":false,"attachmentsCount":2,"hasContent":true,"attachmentStep":false}],"attachments":[{"uid":"d84c97de6212b502","name":"Failure Message","source":"d84c97de6212b502.txt","type":"text/plain","size":81}],"parameters":[],"stepsCount":2,"shouldDisplayMessage":true,"attachmentsCount":5,"hasContent":true,"attachmentStep":false},"afterStages":[],"labels":[{"name":"package","value":"com.bookstore.tests.AuthorsApiTest"},{"name":"testClass","value":"com.bookstore.tests.AuthorsApiTest"},{"name":"testMethod","value":"testCreateAuthor_DuplicateId"},{"name":"parentSuite","value":"Bookstore API Test Suite"},{"name":"suite","value":"Authors API Tests"},{"name":"subSuite","value":"com.bookstore.tests.AuthorsApiTest"},{"name":"host","value":"2a0020c22b4f"},{"name":"thread","value":"83@2a0020c22b4f.main(1)"},{"name":"framework","value":"testng"},{"name":"language","value":"java"},{"name":"story","value":"Create Author"},{"name":"epic","value":"Bookstore API"},{"name":"feature","value":"Authors Management"},{"name":"severity","value":"normal"},{"name":"resultFormat","value":"allure2"}],"parameters":[],"links":[],"hidden":false,"retry":false,"extra":{"severity":"normal","retries":[],"categories":[{"name":"Product defects","matchedStatuses":[],"flaky":false}],"tags":[]},"source":"b74a1fb98d192824.json","parameterValues":[]}